ncsim: 10.20-s100: (c) Copyright 1995-2011 Cadence Design Systems, Inc.

-------------------------------------
Relinquished control to SimVision...
ncsim> 
ncsim> database -open waves -into waves.shm -default
Created default SHM database waves
ncsim> probe -create -shm tb.baud_clk tb.baud_rate tb.clk tb.reset
Created probe 1
ncsim> run
baud_rate = x baud_clk = 0 
baud_rate = 0 baud_clk = 0 
baud_rate = 0 baud_clk = 1 
baud_rate = 0 baud_clk = 0 
baud_rate = 0 baud_clk = 1 
baud_rate = 0 baud_clk = 0 
baud_rate = 0 baud_clk = 1 
baud_rate = 0 baud_clk = 0 
baud_rate = 0 baud_clk = 1 
baud_rate = 0 baud_clk = 0 
baud_rate = 0 baud_clk = 1 
baud_rate = 0 baud_clk = 0 
baud_rate = 0 baud_clk = 1 
baud_rate = 0 baud_clk = 0 
baud_rate = 0 baud_clk = 1 
baud_rate = 0 baud_clk = 0 
baud_rate = 0 baud_clk = 1 
baud_rate = 1 baud_clk = 1 
baud_rate = 1 baud_clk = 0 
baud_rate = 1 baud_clk = 1 
baud_rate = 1 baud_clk = 0 
baud_rate = 1 baud_clk = 1 
baud_rate = 1 baud_clk = 0 
baud_rate = 1 baud_clk = 1 
baud_rate = 1 baud_clk = 0 
baud_rate = 1 baud_clk = 1 
baud_rate = 1 baud_clk = 0 
baud_rate = 1 baud_clk = 1 
baud_rate = 1 baud_clk = 0 
baud_rate = 1 baud_clk = 1 
baud_rate = 1 baud_clk = 0 
baud_rate = 1 baud_clk = 1 
baud_rate = 1 baud_clk = 0 
baud_rate = 1 baud_clk = 1 
baud_rate = 1 baud_clk = 0 
baud_rate = 1 baud_clk = 1 
baud_rate = 1 baud_clk = 0 
baud_rate = 1 baud_clk = 1 
baud_rate = 1 baud_clk = 0 
baud_rate = 1 baud_clk = 1 
baud_rate = 1 baud_clk = 0 
baud_rate = 1 baud_clk = 1 
baud_rate = 1 baud_clk = 0 
baud_rate = 1 baud_clk = 1 
baud_rate = 1 baud_clk = 0 
baud_rate = 1 baud_clk = 1 
baud_rate = 1 baud_clk = 0 
baud_rate = 1 baud_clk = 1 
baud_rate = 1 baud_clk = 0 
baud_rate = 10 baud_clk = 0 
baud_rate = 10 baud_clk = 1 
baud_rate = 10 baud_clk = 0 
baud_rate = 10 baud_clk = 1 
baud_rate = 10 baud_clk = 0 
baud_rate = 10 baud_clk = 1 
baud_rate = 10 baud_clk = 0 
baud_rate = 10 baud_clk = 1 
baud_rate = 10 baud_clk = 0 
baud_rate = 10 baud_clk = 1 
baud_rate = 10 baud_clk = 0 
baud_rate = 10 baud_clk = 1 
baud_rate = 10 baud_clk = 0 
baud_rate = 10 baud_clk = 1 
baud_rate = 10 baud_clk = 0 
baud_rate = 10 baud_clk = 1 
baud_rate = 10 baud_clk = 0 
baud_rate = 10 baud_clk = 1 
baud_rate = 10 baud_clk = 0 
baud_rate = 10 baud_clk = 1 
baud_rate = 10 baud_clk = 0 
baud_rate = 10 baud_clk = 1 
baud_rate = 10 baud_clk = 0 
baud_rate = 10 baud_clk = 1 
baud_rate = 10 baud_clk = 0 
baud_rate = 10 baud_clk = 1 
baud_rate = 10 baud_clk = 0 
baud_rate = 10 baud_clk = 1 
baud_rate = 10 baud_clk = 0 
baud_rate = 10 baud_clk = 1 
baud_rate = 10 baud_clk = 0 
baud_rate = 10 baud_clk = 1 
baud_rate = 10 baud_clk = 0 
baud_rate = 10 baud_clk = 1 
baud_rate = 10 baud_clk = 0 
baud_rate = 10 baud_clk = 1 
baud_rate = 10 baud_clk = 0 
baud_rate = 10 baud_clk = 1 
baud_rate = 10 baud_clk = 0 
baud_rate = 10 baud_clk = 1 
baud_rate = 10 baud_clk = 0 
baud_rate = 10 baud_clk = 1 
baud_rate = 10 baud_clk = 0 
baud_rate = 10 baud_clk = 1 
baud_rate = 10 baud_clk = 0 
baud_rate = 10 baud_clk = 1 
baud_rate = 10 baud_clk = 0 
baud_rate = 10 baud_clk = 1 
baud_rate = 10 baud_clk = 0 
baud_rate = 10 baud_clk = 1 
baud_rate = 10 baud_clk = 0 
baud_rate = 10 baud_clk = 1 
baud_rate = 10 baud_clk = 0 
baud_rate = 10 baud_clk = 1 
baud_rate = 10 baud_clk = 0 
baud_rate = 10 baud_clk = 1 
baud_rate = 10 baud_clk = 0 
baud_rate = 10 baud_clk = 1 
baud_rate = 10 baud_clk = 0 
baud_rate = 10 baud_clk = 1 
baud_rate = 10 baud_clk = 0 
baud_rate = 10 baud_clk = 1 
baud_rate = 11 baud_clk = 1 
baud_rate = 11 baud_clk = 0 
baud_rate = 11 baud_clk = 1 
baud_rate = 11 baud_clk = 0 
baud_rate = 11 baud_clk = 1 
baud_rate = 11 baud_clk = 0 
baud_rate = 11 baud_clk = 1 
baud_rate = 11 baud_clk = 0 
baud_rate = 11 baud_clk = 1 
baud_rate = 11 baud_clk = 0 
baud_rate = 11 baud_clk = 1 
Simulation complete via $finish(1) at time 400020 NS + 0
./baud_tb.v:36      $finish();
ncsim> 
